1705831842.173552 client started (57202): version 3.3, socket /tmp/tmux-1000/default, protocol 8
1705831842.173604 on Linux 5.15.0-94-generic #104-Ubuntu SMP Tue Jan 9 15:25:40 UTC 2024
1705831842.173614 using libevent 2.1.12-stable (poll); ncurses 6.3
1705831842.173642 flags are 0x18010000
1705831842.173650 socket is /tmp/tmux-1000/default
1705831842.173670 trying connect
1705831842.173697 connect failed: Connection refused
1705831842.173713 lock file is /tmp/tmux-1000/default.lock
1705831842.173766 flock succeeded
1705831842.173773 got lock (6)
1705831842.173784 trying connect
1705831842.173799 connect failed: Connection refused
1705831842.176886 add peer 0x5555c8f77520: 7 ((nil))
1705831842.177624 sending message 100 to peer 0x5555c8f77520 (4 bytes)
1705831842.177648 sending message 111 to peer 0x5555c8f77520 (8 bytes)
1705831842.177658 sending message 101 to peer 0x5555c8f77520 (15 bytes)
1705831842.177666 sending message 109 to peer 0x5555c8f77520 (4 bytes)
1705831842.177674 sending message 102 to peer 0x5555c8f77520 (11 bytes)
1705831842.177683 sending message 108 to peer 0x5555c8f77520 (26 bytes)
1705831842.177693 sending message 112 to peer 0x5555c8f77520 (58 bytes)
1705831842.177702 sending message 112 to peer 0x5555c8f77520 (5 bytes)
1705831842.177712 sending message 112 to peer 0x5555c8f77520 (5 bytes)
1705831842.177723 sending message 112 to peer 0x5555c8f77520 (6 bytes)
1705831842.177734 sending message 112 to peer 0x5555c8f77520 (6 bytes)
1705831842.177744 sending message 112 to peer 0x5555c8f77520 (11 bytes)
1705831842.177752 sending message 112 to peer 0x5555c8f77520 (10 bytes)
1705831842.177760 sending message 112 to peer 0x5555c8f77520 (13 bytes)
1705831842.177768 sending message 112 to peer 0x5555c8f77520 (14 bytes)
1705831842.177776 sending message 112 to peer 0x5555c8f77520 (19 bytes)
1705831842.177783 sending message 112 to peer 0x5555c8f77520 (11 bytes)
1705831842.177791 sending message 112 to peer 0x5555c8f77520 (10 bytes)
1705831842.177799 sending message 112 to peer 0x5555c8f77520 (15 bytes)
1705831842.177807 sending message 112 to peer 0x5555c8f77520 (21 bytes)
1705831842.177814 sending message 112 to peer 0x5555c8f77520 (13 bytes)
1705831842.177822 sending message 112 to peer 0x5555c8f77520 (7 bytes)
1705831842.177830 sending message 112 to peer 0x5555c8f77520 (13 bytes)
1705831842.177838 sending message 112 to peer 0x5555c8f77520 (7 bytes)
1705831842.177845 sending message 112 to peer 0x5555c8f77520 (13 bytes)
1705831842.177853 sending message 112 to peer 0x5555c8f77520 (9 bytes)
1705831842.177860 sending message 112 to peer 0x5555c8f77520 (21 bytes)
1705831842.177868 sending message 112 to peer 0x5555c8f77520 (13 bytes)
1705831842.177876 sending message 112 to peer 0x5555c8f77520 (9 bytes)
1705831842.177883 sending message 112 to peer 0x5555c8f77520 (16 bytes)
1705831842.177891 sending message 112 to peer 0x5555c8f77520 (13 bytes)
1705831842.177899 sending message 112 to peer 0x5555c8f77520 (9 bytes)
1705831842.177907 sending message 112 to peer 0x5555c8f77520 (9 bytes)
1705831842.177915 sending message 112 to peer 0x5555c8f77520 (12 bytes)
1705831842.177923 sending message 112 to peer 0x5555c8f77520 (8 bytes)
1705831842.177931 sending message 112 to peer 0x5555c8f77520 (8 bytes)
1705831842.177938 sending message 112 to peer 0x5555c8f77520 (13 bytes)
1705831842.177946 sending message 112 to peer 0x5555c8f77520 (7 bytes)
1705831842.177954 sending message 112 to peer 0x5555c8f77520 (7 bytes)
1705831842.177961 sending message 112 to peer 0x5555c8f77520 (9 bytes)
1705831842.177969 sending message 112 to peer 0x5555c8f77520 (9 bytes)
1705831842.177976 sending message 112 to peer 0x5555c8f77520 (15 bytes)
1705831842.177984 sending message 112 to peer 0x5555c8f77520 (13 bytes)
1705831842.177992 sending message 112 to peer 0x5555c8f77520 (12 bytes)
1705831842.177999 sending message 112 to peer 0x5555c8f77520 (8 bytes)
1705831842.178007 sending message 112 to peer 0x5555c8f77520 (14 bytes)
1705831842.178015 sending message 112 to peer 0x5555c8f77520 (11 bytes)
1705831842.178022 sending message 112 to peer 0x5555c8f77520 (9 bytes)
1705831842.178045 sending message 112 to peer 0x5555c8f77520 (10 bytes)
1705831842.178053 sending message 112 to peer 0x5555c8f77520 (10 bytes)
1705831842.178060 sending message 112 to peer 0x5555c8f77520 (10 bytes)
1705831842.178068 sending message 112 to peer 0x5555c8f77520 (10 bytes)
1705831842.178076 sending message 112 to peer 0x5555c8f77520 (11 bytes)
1705831842.178084 sending message 112 to peer 0x5555c8f77520 (12 bytes)
1705831842.178091 sending message 112 to peer 0x5555c8f77520 (12 bytes)
1705831842.178099 sending message 112 to peer 0x5555c8f77520 (12 bytes)
1705831842.178107 sending message 112 to peer 0x5555c8f77520 (12 bytes)
1705831842.178115 sending message 112 to peer 0x5555c8f77520 (12 bytes)
1705831842.178122 sending message 112 to peer 0x5555c8f77520 (11 bytes)
1705831842.178130 sending message 112 to peer 0x5555c8f77520 (11 bytes)
1705831842.178137 sending message 112 to peer 0x5555c8f77520 (12 bytes)
1705831842.178145 sending message 112 to peer 0x5555c8f77520 (12 bytes)
1705831842.178153 sending message 112 to peer 0x5555c8f77520 (12 bytes)
1705831842.178160 sending message 112 to peer 0x5555c8f77520 (12 bytes)
1705831842.178168 sending message 112 to peer 0x5555c8f77520 (12 bytes)
1705831842.178176 sending message 112 to peer 0x5555c8f77520 (9 bytes)
1705831842.178183 sending message 112 to peer 0x5555c8f77520 (12 bytes)
1705831842.178191 sending message 112 to peer 0x5555c8f77520 (13 bytes)
1705831842.178199 sending message 112 to peer 0x5555c8f77520 (13 bytes)
1705831842.178206 sending message 112 to peer 0x5555c8f77520 (13 bytes)
1705831842.178214 sending message 112 to peer 0x5555c8f77520 (13 bytes)
1705831842.178221 sending message 112 to peer 0x5555c8f77520 (13 bytes)
1705831842.178229 sending message 112 to peer 0x5555c8f77520 (8 bytes)
1705831842.178237 sending message 112 to peer 0x5555c8f77520 (11 bytes)
1705831842.178244 sending message 112 to peer 0x5555c8f77520 (11 bytes)
1705831842.178252 sending message 112 to peer 0x5555c8f77520 (11 bytes)
1705831842.178260 sending message 112 to peer 0x5555c8f77520 (12 bytes)
1705831842.178267 sending message 112 to peer 0x5555c8f77520 (12 bytes)
1705831842.178275 sending message 112 to peer 0x5555c8f77520 (12 bytes)
1705831842.178283 sending message 112 to peer 0x5555c8f77520 (12 bytes)
1705831842.178290 sending message 112 to peer 0x5555c8f77520 (13 bytes)
1705831842.178298 sending message 112 to peer 0x5555c8f77520 (13 bytes)
1705831842.178305 sending message 112 to peer 0x5555c8f77520 (13 bytes)
1705831842.178313 sending message 112 to peer 0x5555c8f77520 (8 bytes)
1705831842.178321 sending message 112 to peer 0x5555c8f77520 (13 bytes)
1705831842.178328 sending message 112 to peer 0x5555c8f77520 (13 bytes)
1705831842.178336 sending message 112 to peer 0x5555c8f77520 (13 bytes)
1705831842.178344 sending message 112 to peer 0x5555c8f77520 (13 bytes)
1705831842.178351 sending message 112 to peer 0x5555c8f77520 (13 bytes)
1705831842.178360 sending message 112 to peer 0x5555c8f77520 (12 bytes)
1705831842.178369 sending message 112 to peer 0x5555c8f77520 (12 bytes)
1705831842.178379 sending message 112 to peer 0x5555c8f77520 (12 bytes)
1705831842.178389 sending message 112 to peer 0x5555c8f77520 (12 bytes)
1705831842.178399 sending message 112 to peer 0x5555c8f77520 (13 bytes)
1705831842.178408 sending message 112 to peer 0x5555c8f77520 (8 bytes)
1705831842.178418 sending message 112 to peer 0x5555c8f77520 (13 bytes)
1705831842.178427 sending message 112 to peer 0x5555c8f77520 (13 bytes)
1705831842.178435 sending message 112 to peer 0x5555c8f77520 (13 bytes)
1705831842.178442 sending message 112 to peer 0x5555c8f77520 (13 bytes)
1705831842.178450 sending message 112 to peer 0x5555c8f77520 (13 bytes)
1705831842.178457 sending message 112 to peer 0x5555c8f77520 (13 bytes)
1705831842.178465 sending message 112 to peer 0x5555c8f77520 (13 bytes)
1705831842.178473 sending message 112 to peer 0x5555c8f77520 (12 bytes)
1705831842.178481 sending message 112 to peer 0x5555c8f77520 (12 bytes)
1705831842.178488 sending message 112 to peer 0x5555c8f77520 (12 bytes)
1705831842.178505 sending message 112 to peer 0x5555c8f77520 (8 bytes)
1705831842.178513 sending message 112 to peer 0x5555c8f77520 (12 bytes)
1705831842.178521 sending message 112 to peer 0x5555c8f77520 (13 bytes)
1705831842.178528 sending message 112 to peer 0x5555c8f77520 (13 bytes)
1705831842.178536 sending message 112 to peer 0x5555c8f77520 (13 bytes)
1705831842.178544 sending message 112 to peer 0x5555c8f77520 (13 bytes)
1705831842.178551 sending message 112 to peer 0x5555c8f77520 (13 bytes)
1705831842.178559 sending message 112 to peer 0x5555c8f77520 (13 bytes)
1705831842.178567 sending message 112 to peer 0x5555c8f77520 (13 bytes)
1705831842.178574 sending message 112 to peer 0x5555c8f77520 (13 bytes)
1705831842.178583 sending message 112 to peer 0x5555c8f77520 (12 bytes)
1705831842.178592 sending message 112 to peer 0x5555c8f77520 (10 bytes)
1705831842.178601 sending message 112 to peer 0x5555c8f77520 (12 bytes)
1705831842.178610 sending message 112 to peer 0x5555c8f77520 (12 bytes)
1705831842.178620 sending message 112 to peer 0x5555c8f77520 (12 bytes)
1705831842.178629 sending message 112 to peer 0x5555c8f77520 (13 bytes)
1705831842.178636 sending message 112 to peer 0x5555c8f77520 (13 bytes)
1705831842.178644 sending message 112 to peer 0x5555c8f77520 (13 bytes)
1705831842.178652 sending message 112 to peer 0x5555c8f77520 (13 bytes)
1705831842.178659 sending message 112 to peer 0x5555c8f77520 (13 bytes)
1705831842.178667 sending message 112 to peer 0x5555c8f77520 (13 bytes)
1705831842.178674 sending message 112 to peer 0x5555c8f77520 (13 bytes)
1705831842.178682 sending message 112 to peer 0x5555c8f77520 (10 bytes)
1705831842.178690 sending message 112 to peer 0x5555c8f77520 (13 bytes)
1705831842.178698 sending message 112 to peer 0x5555c8f77520 (12 bytes)
1705831842.178705 sending message 112 to peer 0x5555c8f77520 (12 bytes)
1705831842.178713 sending message 112 to peer 0x5555c8f77520 (12 bytes)
1705831842.178720 sending message 112 to peer 0x5555c8f77520 (10 bytes)
1705831842.178728 sending message 112 to peer 0x5555c8f77520 (10 bytes)
1705831842.178736 sending message 112 to peer 0x5555c8f77520 (10 bytes)
1705831842.178743 sending message 112 to peer 0x5555c8f77520 (12 bytes)
1705831842.178751 sending message 112 to peer 0x5555c8f77520 (13 bytes)
1705831842.178759 sending message 112 to peer 0x5555c8f77520 (13 bytes)
1705831842.178766 sending message 112 to peer 0x5555c8f77520 (13 bytes)
1705831842.178774 sending message 112 to peer 0x5555c8f77520 (13 bytes)
1705831842.178781 sending message 112 to peer 0x5555c8f77520 (13 bytes)
1705831842.178789 sending message 112 to peer 0x5555c8f77520 (10 bytes)
1705831842.178797 sending message 112 to peer 0x5555c8f77520 (11 bytes)
1705831842.178805 sending message 112 to peer 0x5555c8f77520 (12 bytes)
1705831842.178813 sending message 112 to peer 0x5555c8f77520 (12 bytes)
1705831842.178820 sending message 112 to peer 0x5555c8f77520 (12 bytes)
1705831842.178828 sending message 112 to peer 0x5555c8f77520 (12 bytes)
1705831842.178836 sending message 112 to peer 0x5555c8f77520 (12 bytes)
1705831842.178844 sending message 112 to peer 0x5555c8f77520 (11 bytes)
1705831842.178852 sending message 112 to peer 0x5555c8f77520 (12 bytes)
1705831842.178859 sending message 112 to peer 0x5555c8f77520 (12 bytes)
1705831842.178867 sending message 112 to peer 0x5555c8f77520 (13 bytes)
1705831842.178874 sending message 112 to peer 0x5555c8f77520 (13 bytes)
1705831842.178882 sending message 112 to peer 0x5555c8f77520 (13 bytes)
1705831842.178889 sending message 112 to peer 0x5555c8f77520 (13 bytes)
1705831842.178897 sending message 112 to peer 0x5555c8f77520 (13 bytes)
1705831842.178904 sending message 112 to peer 0x5555c8f77520 (10 bytes)
1705831842.178912 sending message 112 to peer 0x5555c8f77520 (9 bytes)
1705831842.178919 sending message 112 to peer 0x5555c8f77520 (12 bytes)
1705831842.178927 sending message 112 to peer 0x5555c8f77520 (13 bytes)
1705831842.178935 sending message 112 to peer 0x5555c8f77520 (13 bytes)
1705831842.178942 sending message 112 to peer 0x5555c8f77520 (13 bytes)
1705831842.178958 sending message 112 to peer 0x5555c8f77520 (13 bytes)
1705831842.178966 sending message 112 to peer 0x5555c8f77520 (13 bytes)
1705831842.178973 sending message 112 to peer 0x5555c8f77520 (9 bytes)
1705831842.178981 sending message 112 to peer 0x5555c8f77520 (12 bytes)
1705831842.178988 sending message 112 to peer 0x5555c8f77520 (13 bytes)
1705831842.178996 sending message 112 to peer 0x5555c8f77520 (13 bytes)
1705831842.179003 sending message 112 to peer 0x5555c8f77520 (13 bytes)
1705831842.179011 sending message 112 to peer 0x5555c8f77520 (13 bytes)
1705831842.179018 sending message 112 to peer 0x5555c8f77520 (13 bytes)
1705831842.179026 sending message 112 to peer 0x5555c8f77520 (11 bytes)
1705831842.179033 sending message 112 to peer 0x5555c8f77520 (12 bytes)
1705831842.179041 sending message 112 to peer 0x5555c8f77520 (13 bytes)
1705831842.179048 sending message 112 to peer 0x5555c8f77520 (13 bytes)
1705831842.179056 sending message 112 to peer 0x5555c8f77520 (13 bytes)
1705831842.179063 sending message 112 to peer 0x5555c8f77520 (13 bytes)
1705831842.179071 sending message 112 to peer 0x5555c8f77520 (13 bytes)
1705831842.179079 sending message 112 to peer 0x5555c8f77520 (11 bytes)
1705831842.179086 sending message 112 to peer 0x5555c8f77520 (12 bytes)
1705831842.179094 sending message 112 to peer 0x5555c8f77520 (12 bytes)
1705831842.179101 sending message 112 to peer 0x5555c8f77520 (12 bytes)
1705831842.179109 sending message 112 to peer 0x5555c8f77520 (12 bytes)
1705831842.179116 sending message 112 to peer 0x5555c8f77520 (12 bytes)
1705831842.179124 sending message 112 to peer 0x5555c8f77520 (21 bytes)
1705831842.179132 sending message 112 to peer 0x5555c8f77520 (12 bytes)
1705831842.179141 sending message 112 to peer 0x5555c8f77520 (9 bytes)
1705831842.179151 sending message 112 to peer 0x5555c8f77520 (6 bytes)
1705831842.179166 sending message 112 to peer 0x5555c8f77520 (13 bytes)
1705831842.179174 sending message 112 to peer 0x5555c8f77520 (10 bytes)
1705831842.179181 sending message 112 to peer 0x5555c8f77520 (24 bytes)
1705831842.179189 sending message 112 to peer 0x5555c8f77520 (13 bytes)
1705831842.179196 sending message 112 to peer 0x5555c8f77520 (9 bytes)
1705831842.179204 sending message 112 to peer 0x5555c8f77520 (70 bytes)
1705831842.179211 sending message 112 to peer 0x5555c8f77520 (69 bytes)
1705831842.179219 sending message 112 to peer 0x5555c8f77520 (12 bytes)
1705831842.179226 sending message 112 to peer 0x5555c8f77520 (10 bytes)
1705831842.179233 sending message 112 to peer 0x5555c8f77520 (10 bytes)
1705831842.179241 sending message 112 to peer 0x5555c8f77520 (24 bytes)
1705831842.179248 sending message 112 to peer 0x5555c8f77520 (13 bytes)
1705831842.179255 sending message 112 to peer 0x5555c8f77520 (10 bytes)
1705831842.179263 sending message 112 to peer 0x5555c8f77520 (10 bytes)
1705831842.179271 sending message 112 to peer 0x5555c8f77520 (10 bytes)
1705831842.179278 sending message 112 to peer 0x5555c8f77520 (13 bytes)
1705831842.179289 sending message 112 to peer 0x5555c8f77520 (15 bytes)
1705831842.179296 sending message 112 to peer 0x5555c8f77520 (5 bytes)
1705831842.179306 sending message 104 to peer 0x5555c8f77520 (0 bytes)
1705831842.179314 sending message 110 to peer 0x5555c8f77520 (0 bytes)
1705831842.179322 sending message 107 to peer 0x5555c8f77520 (4 bytes)
1705831842.179330 sending message 105 to peer 0x5555c8f77520 (27 bytes)
1705831842.179337 sending message 105 to peer 0x5555c8f77520 (22 bytes)
1705831842.179345 sending message 105 to peer 0x5555c8f77520 (20 bytes)
1705831842.179352 sending message 105 to peer 0x5555c8f77520 (54 bytes)
1705831842.179360 sending message 105 to peer 0x5555c8f77520 (56 bytes)
1705831842.179367 sending message 105 to peer 0x5555c8f77520 (70 bytes)
1705831842.179375 sending message 105 to peer 0x5555c8f77520 (28 bytes)
1705831842.179382 sending message 105 to peer 0x5555c8f77520 (16 bytes)
1705831842.179389 sending message 105 to peer 0x5555c8f77520 (11 bytes)
1705831842.179397 sending message 105 to peer 0x5555c8f77520 (23 bytes)
1705831842.179412 sending message 105 to peer 0x5555c8f77520 (12 bytes)
1705831842.179423 sending message 105 to peer 0x5555c8f77520 (44 bytes)
1705831842.179431 sending message 105 to peer 0x5555c8f77520 (86 bytes)
1705831842.179439 sending message 105 to peer 0x5555c8f77520 (30 bytes)
1705831842.179446 sending message 105 to peer 0x5555c8f77520 (52 bytes)
1705831842.179453 sending message 105 to peer 0x5555c8f77520 (30 bytes)
1705831842.179461 sending message 105 to peer 0x5555c8f77520 (28 bytes)
1705831842.179468 sending message 105 to peer 0x5555c8f77520 (18 bytes)
1705831842.179475 sending message 105 to peer 0x5555c8f77520 (41 bytes)
1705831842.179483 sending message 105 to peer 0x5555c8f77520 (17 bytes)
1705831842.179490 sending message 105 to peer 0x5555c8f77520 (15 bytes)
1705831842.179498 sending message 105 to peer 0x5555c8f77520 (17 bytes)
1705831842.179505 sending message 105 to peer 0x5555c8f77520 (23 bytes)
1705831842.179512 sending message 105 to peer 0x5555c8f77520 (19 bytes)
1705831842.179519 sending message 105 to peer 0x5555c8f77520 (30 bytes)
1705831842.179527 sending message 105 to peer 0x5555c8f77520 (27 bytes)
1705831842.179537 sending message 105 to peer 0x5555c8f77520 (24 bytes)
1705831842.179545 sending message 105 to peer 0x5555c8f77520 (20 bytes)
1705831842.179552 sending message 105 to peer 0x5555c8f77520 (23 bytes)
1705831842.179560 sending message 105 to peer 0x5555c8f77520 (21 bytes)
1705831842.179567 sending message 105 to peer 0x5555c8f77520 (25 bytes)
1705831842.179574 sending message 105 to peer 0x5555c8f77520 (20 bytes)
1705831842.179582 sending message 105 to peer 0x5555c8f77520 (35 bytes)
1705831842.179589 sending message 105 to peer 0x5555c8f77520 (15 bytes)
1705831842.179597 sending message 105 to peer 0x5555c8f77520 (59 bytes)
1705831842.179604 sending message 105 to peer 0x5555c8f77520 (69 bytes)
1705831842.179611 sending message 105 to peer 0x5555c8f77520 (53 bytes)
1705831842.179621 sending message 105 to peer 0x5555c8f77520 (41 bytes)
1705831842.179628 sending message 105 to peer 0x5555c8f77520 (58 bytes)
1705831842.179636 sending message 105 to peer 0x5555c8f77520 (18 bytes)
1705831842.179643 sending message 105 to peer 0x5555c8f77520 (28 bytes)
1705831842.179657 sending message 105 to peer 0x5555c8f77520 (13 bytes)
1705831842.179665 sending message 105 to peer 0x5555c8f77520 (281 bytes)
1705831842.179673 sending message 105 to peer 0x5555c8f77520 (16 bytes)
1705831842.179680 sending message 105 to peer 0x5555c8f77520 (30 bytes)
1705831842.179688 sending message 105 to peer 0x5555c8f77520 (19 bytes)
1705831842.179695 sending message 105 to peer 0x5555c8f77520 (27 bytes)
1705831842.179703 sending message 105 to peer 0x5555c8f77520 (88 bytes)
1705831842.179710 sending message 105 to peer 0x5555c8f77520 (15 bytes)
1705831842.179717 sending message 105 to peer 0x5555c8f77520 (41 bytes)
1705831842.179725 sending message 105 to peer 0x5555c8f77520 (20 bytes)
1705831842.179732 sending message 105 to peer 0x5555c8f77520 (12 bytes)
1705831842.179740 sending message 105 to peer 0x5555c8f77520 (12 bytes)
1705831842.179747 sending message 105 to peer 0x5555c8f77520 (17 bytes)
1705831842.179754 sending message 105 to peer 0x5555c8f77520 (36 bytes)
1705831842.179762 sending message 105 to peer 0x5555c8f77520 (50 bytes)
1705831842.179772 sending message 105 to peer 0x5555c8f77520 (31 bytes)
1705831842.179780 sending message 105 to peer 0x5555c8f77520 (161 bytes)
1705831842.179788 sending message 105 to peer 0x5555c8f77520 (50 bytes)
1705831842.179795 sending message 105 to peer 0x5555c8f77520 (31 bytes)
1705831842.179802 sending message 105 to peer 0x5555c8f77520 (15 bytes)
1705831842.179810 sending message 105 to peer 0x5555c8f77520 (52 bytes)
1705831842.179817 sending message 105 to peer 0x5555c8f77520 (23 bytes)
1705831842.179825 sending message 105 to peer 0x5555c8f77520 (32 bytes)
1705831842.179832 sending message 105 to peer 0x5555c8f77520 (18 bytes)
1705831842.179840 sending message 105 to peer 0x5555c8f77520 (58 bytes)
1705831842.179847 sending message 105 to peer 0x5555c8f77520 (21 bytes)
1705831842.179861 sending message 105 to peer 0x5555c8f77520 (11 bytes)
1705831842.179869 sending message 106 to peer 0x5555c8f77520 (0 bytes)
1705831842.179997 sending message 200 to peer 0x5555c8f77520 (4 bytes)
1705831842.180006 client loop enter
1705831842.180052 client_signal: Child exited
1705831842.228046 peer 0x5555c8f77520 message 207
1705831842.228062 sending message 208 to peer 0x5555c8f77520 (0 bytes)
1705831867.859235 peer 0x5555c8f77520 message 203
1705831867.859256 sending message 205 to peer 0x5555c8f77520 (0 bytes)
1705831867.859657 peer 0x5555c8f77520 message 204
1705831867.859668 client loop exit
